<?xml version="1.0" encoding="UTF-8"?>
<!-- Generated by org.testng.reporters.JUnitReportReporter -->
<testsuite hostname="MacBook-Air-de-Jose-2.local" failures="0" tests="1" name="com.google.qa.FirstTest" time="15.469" errors="0" timestamp="14 ene. 2023 17:57:40 GMT" skipped="0">
  <testcase classname="com.google.qa.FirstTest" name="f" time="15.469"/>
</testsuite> <!-- com.google.qa.FirstTest -->
